2021-12-07 16:15:34 - WARNING - Python-dotenv could not parse statement starting at line 19
2021-12-07 16:15:34 - WARNING - Python-dotenv could not parse statement starting at line 21
2021-12-07 16:15:34 - WARNING - Python-dotenv could not parse statement starting at line 22
2021-12-07 16:15:34 - WARNING - Python-dotenv could not parse statement starting at line 23
2021-12-07 16:15:34 - WARNING - Python-dotenv could not parse statement starting at line 24
2021-12-07 16:15:34 - WARNING - Python-dotenv could not parse statement starting at line 25
2021-12-07 16:15:34 - WARNING - Python-dotenv could not parse statement starting at line 26
2021-12-07 16:52:17 - INFO - "GET / HTTP/1.1" 200 1219
2021-12-07 16:52:17 - INFO - "GET /static/style.css HTTP/1.1" 200 648
2021-12-07 16:52:17 - WARNING - Python-dotenv could not parse statement starting at line 19
2021-12-07 16:52:17 - WARNING - Python-dotenv could not parse statement starting at line 21
2021-12-07 16:52:17 - WARNING - Python-dotenv could not parse statement starting at line 22
2021-12-07 16:52:17 - WARNING - Python-dotenv could not parse statement starting at line 23
2021-12-07 16:52:17 - WARNING - Python-dotenv could not parse statement starting at line 24
2021-12-07 16:52:17 - WARNING - Python-dotenv could not parse statement starting at line 25
2021-12-07 16:52:17 - WARNING - Python-dotenv could not parse statement starting at line 26
2021-12-07 16:52:17 - INFO - "GET /timeblocks HTTP/1.1" 200 2
2021-12-07 16:52:17 - INFO - "POST /timeblocks HTTP/1.1" 200 125
2021-12-07 16:52:17 - INFO - "POST /timeblocks HTTP/1.1" 200 118
2021-12-07 16:52:17 - INFO - "POST /timeblocks HTTP/1.1" 200 123
2021-12-07 16:52:17 - INFO - "POST /timeblocks HTTP/1.1" 200 124
2021-12-07 16:52:17 - INFO - "GET /timeblocks HTTP/1.1" 200 498
2021-12-07 16:52:17 - INFO - "PUT /timeblocks/3 HTTP/1.1" 200 127
2021-12-07 16:52:17 - INFO - "GET /timeblocks HTTP/1.1" 200 500
2021-12-07 16:52:17 - INFO - "POST /timeblocks HTTP/1.1" 200 113
2021-12-07 16:52:17 - INFO - "GET /timeblocks HTTP/1.1" 200 615
2021-12-07 16:52:17 - INFO - "DELETE /timeblocks/5 HTTP/1.1" 200 115
2021-12-07 16:52:17 - INFO - "GET /timeblocks HTTP/1.1" 200 500
2021-12-08 14:15:33 - INFO - "GET / HTTP/1.1" 200 1219
2021-12-08 14:15:33 - INFO - "GET /static/style.css HTTP/1.1" 304 0
2021-12-08 14:15:33 - WARNING - Python-dotenv could not parse statement starting at line 19
2021-12-08 14:15:33 - WARNING - Python-dotenv could not parse statement starting at line 21
2021-12-08 14:15:33 - WARNING - Python-dotenv could not parse statement starting at line 22
2021-12-08 14:15:33 - WARNING - Python-dotenv could not parse statement starting at line 23
2021-12-08 14:15:33 - WARNING - Python-dotenv could not parse statement starting at line 24
2021-12-08 14:15:33 - WARNING - Python-dotenv could not parse statement starting at line 25
2021-12-08 14:15:33 - WARNING - Python-dotenv could not parse statement starting at line 26
2021-12-08 14:15:33 - INFO - "GET /timeblocks HTTP/1.1" 200 500
2021-12-08 14:18:00 - WARNING - Python-dotenv could not parse statement starting at line 19
2021-12-08 14:18:00 - WARNING - Python-dotenv could not parse statement starting at line 21
2021-12-08 14:18:00 - WARNING - Python-dotenv could not parse statement starting at line 22
2021-12-08 14:18:00 - WARNING - Python-dotenv could not parse statement starting at line 23
2021-12-08 14:18:00 - WARNING - Python-dotenv could not parse statement starting at line 24
2021-12-08 14:18:00 - WARNING - Python-dotenv could not parse statement starting at line 25
2021-12-08 14:18:00 - WARNING - Python-dotenv could not parse statement starting at line 26
2021-12-08 14:15:33 - INFO - "GET /timeblocks HTTP/1.1" 200 1001
2021-12-09 18:52:35 - INFO - "GET / HTTP/1.1" 200 1219
2021-12-09 18:52:35 - INFO - "GET /static/style.css HTTP/1.1" 304 0
2021-12-09 18:52:35 - WARNING - Python-dotenv could not parse statement starting at line 19
2021-12-09 18:52:35 - WARNING - Python-dotenv could not parse statement starting at line 21
2021-12-09 18:52:35 - WARNING - Python-dotenv could not parse statement starting at line 22
2021-12-09 18:52:35 - WARNING - Python-dotenv could not parse statement starting at line 23
2021-12-09 18:52:35 - WARNING - Python-dotenv could not parse statement starting at line 24
2021-12-09 18:52:35 - WARNING - Python-dotenv could not parse statement starting at line 25
2021-12-09 18:52:35 - WARNING - Python-dotenv could not parse statement starting at line 26
2021-12-09 18:52:35 - INFO - "GET /timeblocks HTTP/1.1" 200 1001
2021-12-09 18:54:52 - WARNING - Python-dotenv could not parse statement starting at line 19
2021-12-09 18:54:52 - WARNING - Python-dotenv could not parse statement starting at line 21
2021-12-09 18:54:52 - WARNING - Python-dotenv could not parse statement starting at line 22
2021-12-09 18:54:52 - WARNING - Python-dotenv could not parse statement starting at line 23
2021-12-09 18:54:52 - WARNING - Python-dotenv could not parse statement starting at line 24
2021-12-09 18:54:52 - WARNING - Python-dotenv could not parse statement starting at line 25
2021-12-09 18:54:52 - WARNING - Python-dotenv could not parse statement starting at line 26
2021-12-09 18:52:35 - INFO - "GET /timeblocks/5 HTTP/1.1" 200 2
2021-12-09 18:52:35 - INFO - "GET /timeblocks/1 HTTP/1.1" 200 2
2021-12-09 18:57:12 - WARNING - Python-dotenv could not parse statement starting at line 19
2021-12-09 18:57:12 - WARNING - Python-dotenv could not parse statement starting at line 21
2021-12-09 18:57:12 - WARNING - Python-dotenv could not parse statement starting at line 22
2021-12-09 18:57:12 - WARNING - Python-dotenv could not parse statement starting at line 23
2021-12-09 18:57:12 - WARNING - Python-dotenv could not parse statement starting at line 24
2021-12-09 18:57:12 - WARNING - Python-dotenv could not parse statement starting at line 25
2021-12-09 18:57:12 - WARNING - Python-dotenv could not parse statement starting at line 26
2021-12-09 18:57:12 - INFO - "GET /timeblocks/ HTTP/1.1" 200 2
2021-12-09 18:57:12 - INFO - "GET /timeblocks HTTP/1.1" 200 2
2021-12-09 19:04:05 - WARNING - Python-dotenv could not parse statement starting at line 19
2021-12-09 19:04:05 - WARNING - Python-dotenv could not parse statement starting at line 21
2021-12-09 19:04:05 - WARNING - Python-dotenv could not parse statement starting at line 22
2021-12-09 19:04:05 - WARNING - Python-dotenv could not parse statement starting at line 23
2021-12-09 19:04:05 - WARNING - Python-dotenv could not parse statement starting at line 24
2021-12-09 19:04:05 - WARNING - Python-dotenv could not parse statement starting at line 25
2021-12-09 19:04:05 - WARNING - Python-dotenv could not parse statement starting at line 26
2021-12-09 18:57:12 - INFO - "GET /timeblocks/ HTTP/1.1" 200 500
2021-12-09 18:57:12 - INFO - "GET /timeblocks/1 HTTP/1.1" 200 127
2021-12-09 18:57:12 - INFO - "GET /timeblocks/3 HTTP/1.1" 200 127
2021-12-09 18:57:12 - INFO - "GET /timeblocks/1 HTTP/1.1" 200 127
2021-12-09 18:57:12 - INFO - "GET /timeblocks/ HTTP/1.1" 200 500
2021-12-09 18:57:12 - INFO - "PUT /timeblocks/3 HTTP/1.1" 200 127
2021-12-09 18:57:12 - INFO - "GET /timeblocks/ HTTP/1.1" 200 500
2021-12-09 18:57:12 - INFO - "POST /timeblocks HTTP/1.1" 200 127
2021-12-09 18:57:12 - INFO - "GET /timeblocks/ HTTP/1.1" 200 629
2021-12-09 18:57:12 - INFO - "DELETE /timeblocks/5 HTTP/1.1" 200 129
2021-12-09 18:57:12 - INFO - "GET /timeblocks/ HTTP/1.1" 200 500
2021-12-10 14:34:45 - INFO - "GET / HTTP/1.1" 200 1219
2021-12-10 14:34:45 - INFO - "GET /static/style.css HTTP/1.1" 304 0
2021-12-10 14:34:45 - WARNING - Python-dotenv could not parse statement starting at line 19
2021-12-10 14:34:45 - WARNING - Python-dotenv could not parse statement starting at line 21
2021-12-10 14:34:45 - WARNING - Python-dotenv could not parse statement starting at line 22
2021-12-10 14:34:45 - WARNING - Python-dotenv could not parse statement starting at line 23
2021-12-10 14:34:45 - WARNING - Python-dotenv could not parse statement starting at line 24
2021-12-10 14:34:45 - WARNING - Python-dotenv could not parse statement starting at line 25
2021-12-10 14:34:45 - WARNING - Python-dotenv could not parse statement starting at line 26
2021-12-10 14:34:45 - INFO - "GET /timeblocks HTTP/1.1" 200 500
2021-12-10 14:35:29 - WARNING - Python-dotenv could not parse statement starting at line 19
2021-12-10 14:35:29 - WARNING - Python-dotenv could not parse statement starting at line 21
2021-12-10 14:35:29 - WARNING - Python-dotenv could not parse statement starting at line 22
2021-12-10 14:35:29 - WARNING - Python-dotenv could not parse statement starting at line 23
2021-12-10 14:35:29 - WARNING - Python-dotenv could not parse statement starting at line 24
2021-12-10 14:35:29 - WARNING - Python-dotenv could not parse statement starting at line 25
2021-12-10 14:35:29 - WARNING - Python-dotenv could not parse statement starting at line 26
2021-12-10 14:39:33 - WARNING - Python-dotenv could not parse statement starting at line 19
2021-12-10 14:39:33 - WARNING - Python-dotenv could not parse statement starting at line 21
2021-12-10 14:39:33 - WARNING - Python-dotenv could not parse statement starting at line 22
2021-12-10 14:39:33 - WARNING - Python-dotenv could not parse statement starting at line 23
2021-12-10 14:39:33 - WARNING - Python-dotenv could not parse statement starting at line 24
2021-12-10 14:39:33 - WARNING - Python-dotenv could not parse statement starting at line 25
2021-12-10 14:39:33 - WARNING - Python-dotenv could not parse statement starting at line 26
2021-12-10 14:34:45 - INFO - "GET /timeblocks HTTP/1.1" 200 500
2021-12-10 14:34:45 - INFO - "GET / HTTP/1.1" 200 1219
2021-12-10 14:34:45 - INFO - "GET /timeblocks HTTP/1.1" 200 500
2021-12-10 14:34:45 - INFO - "PUT /timeblocks/1 HTTP/1.1" 200 113
2021-12-10 14:34:45 - INFO - "GET /timeblocks HTTP/1.1" 200 486
2021-12-10 14:48:24 - WARNING - Python-dotenv could not parse statement starting at line 19
2021-12-10 14:48:24 - WARNING - Python-dotenv could not parse statement starting at line 21
2021-12-10 14:48:24 - WARNING - Python-dotenv could not parse statement starting at line 22
2021-12-10 14:48:24 - WARNING - Python-dotenv could not parse statement starting at line 23
2021-12-10 14:48:24 - WARNING - Python-dotenv could not parse statement starting at line 24
2021-12-10 14:48:24 - WARNING - Python-dotenv could not parse statement starting at line 25
2021-12-10 14:48:24 - WARNING - Python-dotenv could not parse statement starting at line 26
2021-12-10 14:34:45 - INFO - "GET /timeblocks HTTP/1.1" 200 500
2021-12-10 14:34:45 - WARNING - "DELETE /timeblocks/1 HTTP/1.1" 404 1536
2021-12-10 14:34:45 - WARNING - "POST /timeblocks/1 HTTP/1.1" 404 1536
2021-12-10 14:34:45 - WARNING - "POST /timeblocks HTTP/1.1" 405 1554
2021-12-12 04:04:39 - WARNING - Python-dotenv could not parse statement starting at line 19
2021-12-12 04:04:39 - WARNING - Python-dotenv could not parse statement starting at line 21
2021-12-12 04:04:39 - WARNING - Python-dotenv could not parse statement starting at line 22
2021-12-12 04:04:39 - WARNING - Python-dotenv could not parse statement starting at line 23
2021-12-12 04:04:39 - WARNING - Python-dotenv could not parse statement starting at line 24
2021-12-12 04:04:39 - WARNING - Python-dotenv could not parse statement starting at line 25
2021-12-12 04:04:39 - WARNING - Python-dotenv could not parse statement starting at line 26
2021-12-12 04:23:52 - WARNING - Python-dotenv could not parse statement starting at line 19
2021-12-12 04:23:52 - WARNING - Python-dotenv could not parse statement starting at line 21
2021-12-12 04:23:52 - WARNING - Python-dotenv could not parse statement starting at line 22
2021-12-12 04:23:52 - WARNING - Python-dotenv could not parse statement starting at line 23
2021-12-12 04:23:52 - WARNING - Python-dotenv could not parse statement starting at line 24
2021-12-12 04:23:52 - WARNING - Python-dotenv could not parse statement starting at line 25
2021-12-12 04:23:52 - WARNING - Python-dotenv could not parse statement starting at line 26
2021-12-12 04:20:17 - WARNING - Python-dotenv could not parse statement starting at line 19
2021-12-12 04:20:17 - WARNING - Python-dotenv could not parse statement starting at line 21
2021-12-12 04:20:17 - WARNING - Python-dotenv could not parse statement starting at line 22
2021-12-12 04:20:17 - WARNING - Python-dotenv could not parse statement starting at line 23
2021-12-12 04:20:17 - WARNING - Python-dotenv could not parse statement starting at line 24
2021-12-12 04:20:17 - WARNING - Python-dotenv could not parse statement starting at line 25
2021-12-12 04:20:17 - WARNING - Python-dotenv could not parse statement starting at line 26
2021-12-12 04:20:17 - INFO - "GET /reminders HTTP/1.1" 200 514
2021-12-12 04:31:49 - WARNING - Python-dotenv could not parse statement starting at line 19
2021-12-12 04:31:49 - WARNING - Python-dotenv could not parse statement starting at line 21
2021-12-12 04:31:49 - WARNING - Python-dotenv could not parse statement starting at line 22
2021-12-12 04:31:49 - WARNING - Python-dotenv could not parse statement starting at line 23
2021-12-12 04:31:49 - WARNING - Python-dotenv could not parse statement starting at line 24
2021-12-12 04:31:49 - WARNING - Python-dotenv could not parse statement starting at line 25
2021-12-12 04:31:49 - WARNING - Python-dotenv could not parse statement starting at line 26
2021-12-12 04:20:17 - INFO - "GET /reminders HTTP/1.1" 200 2
2021-12-12 04:20:17 - INFO - "GET /timeblocks HTTP/1.1" 200 2
2021-12-12 04:32:51 - WARNING - Python-dotenv could not parse statement starting at line 19
2021-12-12 04:32:51 - WARNING - Python-dotenv could not parse statement starting at line 21
2021-12-12 04:32:51 - WARNING - Python-dotenv could not parse statement starting at line 22
2021-12-12 04:32:51 - WARNING - Python-dotenv could not parse statement starting at line 23
2021-12-12 04:32:51 - WARNING - Python-dotenv could not parse statement starting at line 24
2021-12-12 04:32:51 - WARNING - Python-dotenv could not parse statement starting at line 25
2021-12-12 04:32:51 - WARNING - Python-dotenv could not parse statement starting at line 26
2021-12-12 04:20:17 - INFO - "GET /reminders HTTP/1.1" 200 2
2021-12-12 04:35:01 - WARNING - Python-dotenv could not parse statement starting at line 19
2021-12-12 04:35:01 - WARNING - Python-dotenv could not parse statement starting at line 21
2021-12-12 04:35:01 - WARNING - Python-dotenv could not parse statement starting at line 22
2021-12-12 04:35:01 - WARNING - Python-dotenv could not parse statement starting at line 23
2021-12-12 04:35:01 - WARNING - Python-dotenv could not parse statement starting at line 24
2021-12-12 04:35:01 - WARNING - Python-dotenv could not parse statement starting at line 25
2021-12-12 04:35:01 - WARNING - Python-dotenv could not parse statement starting at line 26
2021-12-12 04:35:18 - WARNING - Python-dotenv could not parse statement starting at line 19
2021-12-12 04:35:18 - WARNING - Python-dotenv could not parse statement starting at line 21
2021-12-12 04:35:18 - WARNING - Python-dotenv could not parse statement starting at line 22
2021-12-12 04:35:18 - WARNING - Python-dotenv could not parse statement starting at line 23
2021-12-12 04:35:18 - WARNING - Python-dotenv could not parse statement starting at line 24
2021-12-12 04:35:18 - WARNING - Python-dotenv could not parse statement starting at line 25
2021-12-12 04:35:18 - WARNING - Python-dotenv could not parse statement starting at line 26
2021-12-12 04:35:25 - WARNING - Python-dotenv could not parse statement starting at line 19
2021-12-12 04:35:25 - WARNING - Python-dotenv could not parse statement starting at line 21
2021-12-12 04:35:25 - WARNING - Python-dotenv could not parse statement starting at line 22
2021-12-12 04:35:25 - WARNING - Python-dotenv could not parse statement starting at line 23
2021-12-12 04:35:25 - WARNING - Python-dotenv could not parse statement starting at line 24
2021-12-12 04:35:25 - WARNING - Python-dotenv could not parse statement starting at line 25
2021-12-12 04:35:25 - WARNING - Python-dotenv could not parse statement starting at line 26
2021-12-12 04:20:17 - INFO - "GET /reminders HTTP/1.1" 200 514
2021-12-12 04:20:17 - INFO - "GET /timeblocks HTTP/1.1" 200 2
2021-12-12 04:37:01 - ERROR - QueryException in 0 on line 0
2021-12-12 04:37:01 - ERROR - "POST /timeblocks/ HTTP/1.1" 500 982648
2021-12-12 04:42:36 - WARNING - Python-dotenv could not parse statement starting at line 19
2021-12-12 04:42:36 - WARNING - Python-dotenv could not parse statement starting at line 21
2021-12-12 04:42:36 - WARNING - Python-dotenv could not parse statement starting at line 22
2021-12-12 04:42:36 - WARNING - Python-dotenv could not parse statement starting at line 23
2021-12-12 04:42:36 - WARNING - Python-dotenv could not parse statement starting at line 24
2021-12-12 04:42:36 - WARNING - Python-dotenv could not parse statement starting at line 25
2021-12-12 04:42:36 - WARNING - Python-dotenv could not parse statement starting at line 26
2021-12-12 04:42:48 - WARNING - Python-dotenv could not parse statement starting at line 19
2021-12-12 04:42:48 - WARNING - Python-dotenv could not parse statement starting at line 21
2021-12-12 04:42:48 - WARNING - Python-dotenv could not parse statement starting at line 22
2021-12-12 04:42:48 - WARNING - Python-dotenv could not parse statement starting at line 23
2021-12-12 04:42:48 - WARNING - Python-dotenv could not parse statement starting at line 24
2021-12-12 04:42:48 - WARNING - Python-dotenv could not parse statement starting at line 25
2021-12-12 04:42:48 - WARNING - Python-dotenv could not parse statement starting at line 26
2021-12-12 04:42:51 - WARNING - Python-dotenv could not parse statement starting at line 19
2021-12-12 04:42:51 - WARNING - Python-dotenv could not parse statement starting at line 21
2021-12-12 04:42:51 - WARNING - Python-dotenv could not parse statement starting at line 22
2021-12-12 04:42:51 - WARNING - Python-dotenv could not parse statement starting at line 23
2021-12-12 04:42:51 - WARNING - Python-dotenv could not parse statement starting at line 24
2021-12-12 04:42:51 - WARNING - Python-dotenv could not parse statement starting at line 25
2021-12-12 04:42:51 - WARNING - Python-dotenv could not parse statement starting at line 26
2021-12-12 04:43:30 - WARNING - Python-dotenv could not parse statement starting at line 19
2021-12-12 04:43:30 - WARNING - Python-dotenv could not parse statement starting at line 21
2021-12-12 04:43:30 - WARNING - Python-dotenv could not parse statement starting at line 22
2021-12-12 04:43:30 - WARNING - Python-dotenv could not parse statement starting at line 23
2021-12-12 04:43:30 - WARNING - Python-dotenv could not parse statement starting at line 24
2021-12-12 04:43:30 - WARNING - Python-dotenv could not parse statement starting at line 25
2021-12-12 04:43:30 - WARNING - Python-dotenv could not parse statement starting at line 26
2021-12-12 04:43:42 - WARNING - Python-dotenv could not parse statement starting at line 19
2021-12-12 04:43:42 - WARNING - Python-dotenv could not parse statement starting at line 21
2021-12-12 04:43:42 - WARNING - Python-dotenv could not parse statement starting at line 22
2021-12-12 04:43:42 - WARNING - Python-dotenv could not parse statement starting at line 23
2021-12-12 04:43:42 - WARNING - Python-dotenv could not parse statement starting at line 24
2021-12-12 04:43:42 - WARNING - Python-dotenv could not parse statement starting at line 25
2021-12-12 04:43:42 - WARNING - Python-dotenv could not parse statement starting at line 26
2021-12-12 04:43:59 - WARNING - Python-dotenv could not parse statement starting at line 19
2021-12-12 04:43:59 - WARNING - Python-dotenv could not parse statement starting at line 21
2021-12-12 04:43:59 - WARNING - Python-dotenv could not parse statement starting at line 22
2021-12-12 04:43:59 - WARNING - Python-dotenv could not parse statement starting at line 23
2021-12-12 04:43:59 - WARNING - Python-dotenv could not parse statement starting at line 24
2021-12-12 04:43:59 - WARNING - Python-dotenv could not parse statement starting at line 25
2021-12-12 04:43:59 - WARNING - Python-dotenv could not parse statement starting at line 26
2021-12-12 04:43:59 - INFO - "POST /timeblocks/ HTTP/1.1" 200 135
2021-12-12 04:44:28 - WARNING - Python-dotenv could not parse statement starting at line 19
2021-12-12 04:44:28 - WARNING - Python-dotenv could not parse statement starting at line 21
2021-12-12 04:44:28 - WARNING - Python-dotenv could not parse statement starting at line 22
2021-12-12 04:44:28 - WARNING - Python-dotenv could not parse statement starting at line 23
2021-12-12 04:44:28 - WARNING - Python-dotenv could not parse statement starting at line 24
2021-12-12 04:44:28 - WARNING - Python-dotenv could not parse statement starting at line 25
2021-12-12 04:44:28 - WARNING - Python-dotenv could not parse statement starting at line 26
2021-12-12 04:43:59 - INFO - "GET /timeblocks HTTP/1.1" 200 2
2021-12-12 04:43:59 - INFO - "GET /timeblocks HTTP/1.1" 200 2
2021-12-12 04:43:59 - INFO - "GET /reminders HTTP/1.1" 200 2
2021-12-12 04:44:58 - WARNING - Python-dotenv could not parse statement starting at line 19
2021-12-12 04:44:58 - WARNING - Python-dotenv could not parse statement starting at line 21
2021-12-12 04:44:58 - WARNING - Python-dotenv could not parse statement starting at line 22
2021-12-12 04:44:58 - WARNING - Python-dotenv could not parse statement starting at line 23
2021-12-12 04:44:58 - WARNING - Python-dotenv could not parse statement starting at line 24
2021-12-12 04:44:58 - WARNING - Python-dotenv could not parse statement starting at line 25
2021-12-12 04:44:58 - WARNING - Python-dotenv could not parse statement starting at line 26
2021-12-12 04:43:59 - INFO - "GET /reminders HTTP/1.1" 200 514
2021-12-12 04:43:59 - INFO - "GET /timeblocks HTTP/1.1" 200 2
2021-12-12 04:45:15 - WARNING - Python-dotenv could not parse statement starting at line 19
2021-12-12 04:45:15 - WARNING - Python-dotenv could not parse statement starting at line 21
2021-12-12 04:45:15 - WARNING - Python-dotenv could not parse statement starting at line 22
2021-12-12 04:45:15 - WARNING - Python-dotenv could not parse statement starting at line 23
2021-12-12 04:45:15 - WARNING - Python-dotenv could not parse statement starting at line 24
2021-12-12 04:45:15 - WARNING - Python-dotenv could not parse statement starting at line 25
2021-12-12 04:45:15 - WARNING - Python-dotenv could not parse statement starting at line 26
2021-12-12 04:43:59 - INFO - "GET /timeblocks HTTP/1.1" 200 2
2021-12-12 04:43:59 - INFO - "POST /timeblocks/ HTTP/1.1" 200 136
2021-12-12 04:43:59 - INFO - "POST /timeblocks/ HTTP/1.1" 200 136
2021-12-12 04:43:59 - INFO - "GET /timeblocks/ HTTP/1.1" 200 268
2021-12-12 04:43:59 - INFO - "GET /timeblocks HTTP/1.1" 200 268
2021-12-12 04:45:40 - WARNING - Python-dotenv could not parse statement starting at line 19
2021-12-12 04:45:40 - WARNING - Python-dotenv could not parse statement starting at line 21
2021-12-12 04:45:40 - WARNING - Python-dotenv could not parse statement starting at line 22
2021-12-12 04:45:40 - WARNING - Python-dotenv could not parse statement starting at line 23
2021-12-12 04:45:40 - WARNING - Python-dotenv could not parse statement starting at line 24
2021-12-12 04:45:40 - WARNING - Python-dotenv could not parse statement starting at line 25
2021-12-12 04:45:40 - WARNING - Python-dotenv could not parse statement starting at line 26
2021-12-12 04:43:59 - INFO - "GET /timeblocks HTTP/1.1" 200 2
2021-12-12 04:43:59 - INFO - "GET /timeblocks/ HTTP/1.1" 200 2
2021-12-12 04:43:59 - INFO - "POST /timeblocks/ HTTP/1.1" 200 136
2021-12-12 04:43:59 - INFO - "POST /timeblocks/ HTTP/1.1" 200 136
2021-12-12 04:43:59 - INFO - "POST /timeblocks/ HTTP/1.1" 200 136
2021-12-12 04:43:59 - INFO - "GET /timeblocks HTTP/1.1" 200 402
2021-12-12 04:43:59 - INFO - "GET /timeblocks HTTP/1.1" 200 402
2021-12-12 04:43:59 - INFO - "GET /timeblocks HTTP/1.1" 200 402
2021-12-12 04:43:59 - INFO - "GET /timeblocks HTTP/1.1" 200 402
2021-12-12 04:57:34 - WARNING - Python-dotenv could not parse statement starting at line 19
2021-12-12 04:57:34 - WARNING - Python-dotenv could not parse statement starting at line 21
2021-12-12 04:57:34 - WARNING - Python-dotenv could not parse statement starting at line 22
2021-12-12 04:57:34 - WARNING - Python-dotenv could not parse statement starting at line 23
2021-12-12 04:57:34 - WARNING - Python-dotenv could not parse statement starting at line 24
2021-12-12 04:57:34 - WARNING - Python-dotenv could not parse statement starting at line 25
2021-12-12 04:57:34 - WARNING - Python-dotenv could not parse statement starting at line 26
2021-12-12 04:57:57 - WARNING - Python-dotenv could not parse statement starting at line 19
2021-12-12 04:57:57 - WARNING - Python-dotenv could not parse statement starting at line 21
2021-12-12 04:57:57 - WARNING - Python-dotenv could not parse statement starting at line 22
2021-12-12 04:57:57 - WARNING - Python-dotenv could not parse statement starting at line 23
2021-12-12 04:57:57 - WARNING - Python-dotenv could not parse statement starting at line 24
2021-12-12 04:57:57 - WARNING - Python-dotenv could not parse statement starting at line 25
2021-12-12 04:57:57 - WARNING - Python-dotenv could not parse statement starting at line 26
2021-12-12 04:57:59 - WARNING - Python-dotenv could not parse statement starting at line 19
2021-12-12 04:57:59 - WARNING - Python-dotenv could not parse statement starting at line 21
2021-12-12 04:57:59 - WARNING - Python-dotenv could not parse statement starting at line 22
2021-12-12 04:57:59 - WARNING - Python-dotenv could not parse statement starting at line 23
2021-12-12 04:57:59 - WARNING - Python-dotenv could not parse statement starting at line 24
2021-12-12 04:57:59 - WARNING - Python-dotenv could not parse statement starting at line 25
2021-12-12 04:57:59 - WARNING - Python-dotenv could not parse statement starting at line 26
2021-12-12 04:58:06 - WARNING - Python-dotenv could not parse statement starting at line 19
2021-12-12 04:58:06 - WARNING - Python-dotenv could not parse statement starting at line 21
2021-12-12 04:58:06 - WARNING - Python-dotenv could not parse statement starting at line 22
2021-12-12 04:58:06 - WARNING - Python-dotenv could not parse statement starting at line 23
2021-12-12 04:58:06 - WARNING - Python-dotenv could not parse statement starting at line 24
2021-12-12 04:58:06 - WARNING - Python-dotenv could not parse statement starting at line 25
2021-12-12 04:58:06 - WARNING - Python-dotenv could not parse statement starting at line 26
2021-12-12 04:55:52 - WARNING - Python-dotenv could not parse statement starting at line 19
2021-12-12 04:55:52 - WARNING - Python-dotenv could not parse statement starting at line 21
2021-12-12 04:55:52 - WARNING - Python-dotenv could not parse statement starting at line 22
2021-12-12 04:55:52 - WARNING - Python-dotenv could not parse statement starting at line 23
2021-12-12 04:55:52 - WARNING - Python-dotenv could not parse statement starting at line 24
2021-12-12 04:55:52 - WARNING - Python-dotenv could not parse statement starting at line 25
2021-12-12 04:55:52 - WARNING - Python-dotenv could not parse statement starting at line 26
2021-12-12 04:55:52 - INFO - "GET /timeblocks HTTP/1.1" 200 500
2021-12-12 04:55:52 - INFO - "GET /reminders HTTP/1.1" 200 514
2021-12-12 18:31:07 - WARNING - Python-dotenv could not parse statement starting at line 19
2021-12-12 18:31:07 - WARNING - Python-dotenv could not parse statement starting at line 21
2021-12-12 18:31:07 - WARNING - Python-dotenv could not parse statement starting at line 22
2021-12-12 18:31:07 - WARNING - Python-dotenv could not parse statement starting at line 23
2021-12-12 18:31:07 - WARNING - Python-dotenv could not parse statement starting at line 24
2021-12-12 18:31:07 - WARNING - Python-dotenv could not parse statement starting at line 25
2021-12-12 18:31:07 - WARNING - Python-dotenv could not parse statement starting at line 26
2021-12-12 18:31:17 - INFO - "GET / HTTP/1.1" 200 1219
2021-12-12 18:31:17 - INFO - "GET /static/style.css HTTP/1.1" 304 0
2021-12-12 18:31:45 - WARNING - Python-dotenv could not parse statement starting at line 19
2021-12-12 18:31:45 - WARNING - Python-dotenv could not parse statement starting at line 21
2021-12-12 18:31:45 - WARNING - Python-dotenv could not parse statement starting at line 22
2021-12-12 18:31:45 - WARNING - Python-dotenv could not parse statement starting at line 23
2021-12-12 18:31:45 - WARNING - Python-dotenv could not parse statement starting at line 24
2021-12-12 18:31:45 - WARNING - Python-dotenv could not parse statement starting at line 25
2021-12-12 18:31:45 - WARNING - Python-dotenv could not parse statement starting at line 26
2021-12-12 18:31:17 - WARNING - Python-dotenv could not parse statement starting at line 19
2021-12-12 18:31:17 - WARNING - Python-dotenv could not parse statement starting at line 21
2021-12-12 18:31:17 - WARNING - Python-dotenv could not parse statement starting at line 22
2021-12-12 18:31:17 - WARNING - Python-dotenv could not parse statement starting at line 23
2021-12-12 18:31:17 - WARNING - Python-dotenv could not parse statement starting at line 24
2021-12-12 18:31:17 - WARNING - Python-dotenv could not parse statement starting at line 25
2021-12-12 18:31:17 - WARNING - Python-dotenv could not parse statement starting at line 26
2021-12-12 18:31:17 - INFO - "GET /reminders HTTP/1.1" 200 574
2021-12-12 18:31:17 - INFO - "GET /reminders HTTP/1.1" 200 574
2021-12-12 18:31:17 - INFO - "GET /timeblocks HTTP/1.1" 200 2
2021-12-12 20:14:35 - WARNING - Python-dotenv could not parse statement starting at line 19
2021-12-12 20:14:35 - WARNING - Python-dotenv could not parse statement starting at line 21
2021-12-12 20:14:35 - WARNING - Python-dotenv could not parse statement starting at line 22
2021-12-12 20:14:35 - WARNING - Python-dotenv could not parse statement starting at line 23
2021-12-12 20:14:35 - WARNING - Python-dotenv could not parse statement starting at line 24
2021-12-12 20:14:35 - WARNING - Python-dotenv could not parse statement starting at line 25
2021-12-12 20:14:35 - WARNING - Python-dotenv could not parse statement starting at line 26
2021-12-12 18:31:17 - INFO - "GET /timeblocks HTTP/1.1" 200 500
2021-12-12 20:18:50 - WARNING - Python-dotenv could not parse statement starting at line 19
2021-12-12 20:18:50 - WARNING - Python-dotenv could not parse statement starting at line 21
2021-12-12 20:18:50 - WARNING - Python-dotenv could not parse statement starting at line 22
2021-12-12 20:18:50 - WARNING - Python-dotenv could not parse statement starting at line 23
2021-12-12 20:18:50 - WARNING - Python-dotenv could not parse statement starting at line 24
2021-12-12 20:18:50 - WARNING - Python-dotenv could not parse statement starting at line 25
2021-12-12 20:18:50 - WARNING - Python-dotenv could not parse statement starting at line 26
2021-12-12 18:31:17 - INFO - "GET /reminders HTTP/1.1" 200 1263
2021-12-12 20:20:40 - WARNING - Python-dotenv could not parse statement starting at line 19
2021-12-12 20:20:40 - WARNING - Python-dotenv could not parse statement starting at line 21
2021-12-12 20:20:40 - WARNING - Python-dotenv could not parse statement starting at line 22
2021-12-12 20:20:40 - WARNING - Python-dotenv could not parse statement starting at line 23
2021-12-12 20:20:40 - WARNING - Python-dotenv could not parse statement starting at line 24
2021-12-12 20:20:40 - WARNING - Python-dotenv could not parse statement starting at line 25
2021-12-12 20:20:40 - WARNING - Python-dotenv could not parse statement starting at line 26
2021-12-12 20:20:40 - INFO - "GET /reminders HTTP/1.1" 200 1263
2021-12-12 20:20:40 - INFO - "POST /timeblocks/ HTTP/1.1" 200 111
2021-12-12 22:49:13 - ERROR - QueryException in 0 on line 0
2021-12-12 22:49:13 - ERROR - "POST /reminders HTTP/1.1" 500 982777
2021-12-12 22:50:58 - WARNING - Python-dotenv could not parse statement starting at line 19
2021-12-12 22:50:58 - WARNING - Python-dotenv could not parse statement starting at line 21
2021-12-12 22:50:58 - WARNING - Python-dotenv could not parse statement starting at line 22
2021-12-12 22:50:58 - WARNING - Python-dotenv could not parse statement starting at line 23
2021-12-12 22:50:58 - WARNING - Python-dotenv could not parse statement starting at line 24
2021-12-12 22:50:58 - WARNING - Python-dotenv could not parse statement starting at line 25
2021-12-12 22:50:58 - WARNING - Python-dotenv could not parse statement starting at line 26
2021-12-12 22:50:58 - INFO - "POST /reminders HTTP/1.1" 200 129
2021-12-12 22:50:58 - INFO - "GET /reminders HTTP/1.1" 200 1392
